c:\users\user\source\repos\project1\project1\debug\vc141.pdb
c:\users\user\source\repos\project1\project1\debug\vc141.idb
c:\users\user\source\repos\project1\project1\debug\main.obj
c:\users\user\source\repos\project1\project1\debug\search.obj
d:\github\datastructures_with_c\project1\project1\debug\vc141.pdb
d:\github\datastructures_with_c\project1\project1\debug\vc141.idb
d:\github\datastructures_with_c\project1\project1\debug\search.obj
d:\github\datastructures_with_c\project1\project1\debug\main.obj
c:\users\user\source\repos\project1\debug\project1.ilk
c:\users\user\source\repos\project1\debug\project1.exe
c:\users\user\source\repos\project1\debug\project1.pdb
d:\github\datastructures_with_c\project1\debug\project1.pdb
d:\github\datastructures_with_c\project1\debug\project1.exe
d:\github\datastructures_with_c\project1\debug\project1.ilk
d:\github\datastructures_with_c\project1\project1\debug\project1.tlog\cl.command.1.tlog
d:\github\datastructures_with_c\project1\project1\debug\project1.tlog\cl.read.1.tlog
d:\github\datastructures_with_c\project1\project1\debug\project1.tlog\cl.write.1.tlog
d:\github\datastructures_with_c\project1\project1\debug\project1.tlog\link.command.1.tlog
d:\github\datastructures_with_c\project1\project1\debug\project1.tlog\link.read.1.tlog
d:\github\datastructures_with_c\project1\project1\debug\project1.tlog\link.write.1.tlog
