  HashedListSearch.c
d:\github\datastructures_with_c\project1\project1\hashedlistsearch.c(25): error C2057: 상수 식이 필요합니다.
d:\github\datastructures_with_c\project1\project1\hashedlistsearch.c(25): error C2466: 상수 크기 0의 배열을 할당할 수 없습니다.
d:\github\datastructures_with_c\project1\project1\hashedlistsearch.c(25): error C2133: 'phoneList': 알 수 없는 크기입니다.
d:\github\datastructures_with_c\project1\project1\hashedlistsearch.c(54): error C4996: 'fopen': This function or variable may be unsafe. Consider using fopen_s instead. To disable deprecation, use _CRT_SECURE_NO_WARNINGS. See online help for details.
  c:\program files (x86)\windows kits\10\include\10.0.17134.0\ucrt\stdio.h(208): note: 'fopen' 선언을 참조하십시오.
d:\github\datastructures_with_c\project1\project1\hashedlistsearch.c(65): error C4996: 'fscanf': This function or variable may be unsafe. Consider using fscanf_s instead. To disable deprecation, use _CRT_SECURE_NO_WARNINGS. See online help for details.
  c:\program files (x86)\windows kits\10\include\10.0.17134.0\ucrt\stdio.h(1197): note: 'fscanf' 선언을 참조하십시오.
d:\github\datastructures_with_c\project1\project1\hashedlistsearch.c(150): warning C4474: 'printf' : 서식 문자열에 전달된 인수가 너무 많습니다.
  d:\github\datastructures_with_c\project1\project1\hashedlistsearch.c(150): note: 자리 표시자 및 해당 매개 변수에는 variadic 인수가 2개 필요하지만 3개가 제공되었습니다.
d:\github\datastructures_with_c\project1\project1\hashedlistsearch.c(137): error C4996: 'scanf': This function or variable may be unsafe. Consider using scanf_s instead. To disable deprecation, use _CRT_SECURE_NO_WARNINGS. See online help for details.
  c:\program files (x86)\windows kits\10\include\10.0.17134.0\ucrt\stdio.h(1274): note: 'scanf' 선언을 참조하십시오.
d:\github\datastructures_with_c\project1\project1\hashedlistsearch.c(155): error C4996: 'scanf': This function or variable may be unsafe. Consider using scanf_s instead. To disable deprecation, use _CRT_SECURE_NO_WARNINGS. See online help for details.
  c:\program files (x86)\windows kits\10\include\10.0.17134.0\ucrt\stdio.h(1274): note: 'scanf' 선언을 참조하십시오.
  sort.c
d:\github\datastructures_with_c\project1\project1\sort.c(47): warning C4013: 'reheapUp'이(가) 정의되지 않았습니다. extern은 int형을 반환하는 것으로 간주합니다.
d:\github\datastructures_with_c\project1\project1\sort.c(56): warning C4013: 'reheapDown'이(가) 정의되지 않았습니다. extern은 int형을 반환하는 것으로 간주합니다.
d:\github\datastructures_with_c\project1\project1\sort.c(69): error C2371: 'reheapUp': 재정의. 기본 형식이 다릅니다.
d:\github\datastructures_with_c\project1\project1\sort.c(97): error C2371: 'reheapDown': 재정의. 기본 형식이 다릅니다.
d:\github\datastructures_with_c\project1\project1\sort.c(237): warning C4013: 'medianLeft'이(가) 정의되지 않았습니다. extern은 int형을 반환하는 것으로 간주합니다.
d:\github\datastructures_with_c\project1\project1\sort.c(262): warning C4013: 'quickInsertion'이(가) 정의되지 않았습니다. extern은 int형을 반환하는 것으로 간주합니다.
d:\github\datastructures_with_c\project1\project1\sort.c(278): error C2371: 'quickInsertion': 재정의. 기본 형식이 다릅니다.
d:\github\datastructures_with_c\project1\project1\sort.c(306): error C2371: 'medianLeft': 재정의. 기본 형식이 다릅니다.
  코드를 생성하고 있습니다...
