  main.c
d:\github\datastructures_with_c\project1\academyawards\main.c(33): warning C4474: 'scanf_s' : 서식 문자열에 전달된 인수가 너무 많습니다.
  d:\github\datastructures_with_c\project1\academyawards\main.c(33): note: 자리 표시자 및 해당 매개 변수에는 variadic 인수가 0개 필요하지만 1개가 제공되었습니다.
d:\github\datastructures_with_c\project1\academyawards\main.c(34): warning C4473: 'printf': 서식 문자열에 대한 인수가 충분하게 전달되지 않았습니다.
  d:\github\datastructures_with_c\project1\academyawards\main.c(34): note: 자리 표시자 및 해당 매개 변수에는 variadic 인수가 2개 필요하지만 1개가 제공되었습니다.
  d:\github\datastructures_with_c\project1\academyawards\main.c(34): note: 누락된 variadic 인수 2이(가) 서식 문자열 '%*c'에 필요합니다.
  d:\github\datastructures_with_c\project1\academyawards\main.c(34): note: 이 인수는 변환 지정자에서 사용됩니다.
d:\github\datastructures_with_c\project1\academyawards\main.c(93): warning C4473: 'fscanf_s': 서식 문자열에 대한 인수가 충분하게 전달되지 않았습니다.
  d:\github\datastructures_with_c\project1\academyawards\main.c(93): note: 자리 표시자 및 해당 매개 변수에는 variadic 인수가 2개 필요하지만 1개가 제공되었습니다.
  d:\github\datastructures_with_c\project1\academyawards\main.c(93): note: 누락된 variadic 인수 2이(가) 서식 문자열 '%40[^\"]'에 필요합니다.
  d:\github\datastructures_with_c\project1\academyawards\main.c(93): note: 이 인수는 버퍼 크기로 사용됩니다.
d:\github\datastructures_with_c\project1\academyawards\main.c(96): warning C4473: 'fscanf_s': 서식 문자열에 대한 인수가 충분하게 전달되지 않았습니다.
  d:\github\datastructures_with_c\project1\academyawards\main.c(96): note: 자리 표시자 및 해당 매개 변수에는 variadic 인수가 2개 필요하지만 1개가 제공되었습니다.
  d:\github\datastructures_with_c\project1\academyawards\main.c(96): note: 누락된 variadic 인수 2이(가) 서식 문자열 '%40[^\"]'에 필요합니다.
  d:\github\datastructures_with_c\project1\academyawards\main.c(96): note: 이 인수는 버퍼 크기로 사용됩니다.
d:\github\datastructures_with_c\project1\academyawards\main.c(153): warning C4473: 'scanf_s': 서식 문자열에 대한 인수가 충분하게 전달되지 않았습니다.
  d:\github\datastructures_with_c\project1\academyawards\main.c(153): note: 자리 표시자 및 해당 매개 변수에는 variadic 인수가 2개 필요하지만 1개가 제공되었습니다.
  d:\github\datastructures_with_c\project1\academyawards\main.c(153): note: 누락된 variadic 인수 2이(가) 서식 문자열 '%c'에 필요합니다.
  d:\github\datastructures_with_c\project1\academyawards\main.c(153): note: 이 인수는 버퍼 크기로 사용됩니다.
d:\github\datastructures_with_c\project1\academyawards\listadt.h(322): warning C4715: '_insert': 모든 제어 경로에서 값을 반환하지는 않습니다.
  AcademyAwards.vcxproj -> D:\github\DataStructures_with_C\Project1\Debug\AcademyAwards.exe
